<?xml version="1.0" encoding="UTF-8" ?>
<testsuite tests="3" failures="0" name="com.almundo.DispatcherTest" time="35.147" errors="0" skipped="0">
  <properties>
    <property name="java.runtime.name" value="OpenJDK Runtime Environment"/>
    <property name="sun.boot.library.path" value="/Users/segonzalez/.sdkman/candidates/java/8u131-zulu/jre/lib"/>
    <property name="java.vm.version" value="25.131-b11"/>
    <property name="user.country.format" value="AR"/>
    <property name="gopherProxySet" value="false"/>
    <property name="java.vm.vendor" value="Azul Systems, Inc."/>
    <property name="maven.multiModuleProjectDirectory" value="/Users/segonzalez/repos/varios/alm/callCenter"/>
    <property name="java.vendor.url" value="http://www.azulsystems.com/"/>
    <property name="path.separator" value=":"/>
    <property name="guice.disable.misplaced.annotation.check" value="true"/>
    <property name="java.vm.name" value="OpenJDK 64-Bit Server VM"/>
    <property name="file.encoding.pkg" value="sun.io"/>
    <property name="user.country" value="US"/>
    <property name="sun.java.launcher" value="SUN_STANDARD"/>
    <property name="sun.os.patch.level" value="unknown"/>
    <property name="java.vm.specification.name" value="Java Virtual Machine Specification"/>
    <property name="user.dir" value="/Users/segonzalez/repos/varios/alm/callCenter"/>
    <property name="java.runtime.version" value="1.8.0_131-b11"/>
    <property name="java.awt.graphicsenv" value="sun.awt.CGraphicsEnvironment"/>
    <property name="java.endorsed.dirs" value="/Users/segonzalez/.sdkman/candidates/java/8u131-zulu/jre/lib/endorsed"/>
    <property name="os.arch" value="x86_64"/>
    <property name="java.io.tmpdir" value="/var/folders/sp/5_qplxzx6f32r97gqxb22s456rn_yt/T/"/>
    <property name="line.separator" value="
"/>
    <property name="java.vm.specification.vendor" value="Oracle Corporation"/>
    <property name="os.name" value="Mac OS X"/>
    <property name="classworlds.conf" value="/Users/segonzalez/.sdkman/candidates/maven/current/bin/m2.conf"/>
    <property name="sun.jnu.encoding" value="UTF-8"/>
    <property name="java.library.path" value="/Users/segonzalez/Library/Java/Extensions:/Library/Java/Extensions:/Network/Library/Java/Extensions:/System/Library/Java/Extensions:/usr/lib/java:."/>
    <property name="maven.conf" value="/Users/segonzalez/.sdkman/candidates/maven/current/conf"/>
    <property name="java.specification.name" value="Java Platform API Specification"/>
    <property name="java.class.version" value="52.0"/>
    <property name="sun.management.compiler" value="HotSpot 64-Bit Tiered Compilers"/>
    <property name="os.version" value="10.11.6"/>
    <property name="library.jansi.path" value="/Users/segonzalez/.sdkman/candidates/maven/current/lib/jansi-native/osx64"/>
    <property name="http.nonProxyHosts" value="local|*.local|169.254/16|*.169.254/16"/>
    <property name="user.home" value="/Users/segonzalez"/>
    <property name="user.timezone" value="America/Argentina/Buenos_Aires"/>
    <property name="java.awt.printerjob" value="sun.lwawt.macosx.CPrinterJob"/>
    <property name="java.specification.version" value="1.8"/>
    <property name="file.encoding" value="UTF-8"/>
    <property name="user.name" value="segonzalez"/>
    <property name="java.class.path" value="/Users/segonzalez/.sdkman/candidates/maven/current/boot/plexus-classworlds-2.5.2.jar"/>
    <property name="java.vm.specification.version" value="1.8"/>
    <property name="sun.arch.data.model" value="64"/>
    <property name="java.home" value="/Users/segonzalez/.sdkman/candidates/java/8u131-zulu/jre"/>
    <property name="sun.java.command" value="org.codehaus.plexus.classworlds.launcher.Launcher install"/>
    <property name="java.specification.vendor" value="Oracle Corporation"/>
    <property name="user.language" value="en"/>
    <property name="awt.toolkit" value="sun.lwawt.macosx.LWCToolkit"/>
    <property name="java.vm.info" value="mixed mode"/>
    <property name="java.version" value="1.8.0_131"/>
    <property name="java.ext.dirs" value="/Users/segonzalez/Library/Java/Extensions:/Users/segonzalez/.sdkman/candidates/java/8u131-zulu/jre/lib/ext:/Library/Java/Extensions:/Network/Library/Java/Extensions:/System/Library/Java/Extensions:/usr/lib/java"/>
    <property name="sun.boot.class.path" value="/Users/segonzalez/.sdkman/candidates/java/8u131-zulu/jre/lib/resources.jar:/Users/segonzalez/.sdkman/candidates/java/8u131-zulu/jre/lib/rt.jar:/Users/segonzalez/.sdkman/candidates/java/8u131-zulu/jre/lib/sunrsasign.jar:/Users/segonzalez/.sdkman/candidates/java/8u131-zulu/jre/lib/jsse.jar:/Users/segonzalez/.sdkman/candidates/java/8u131-zulu/jre/lib/jce.jar:/Users/segonzalez/.sdkman/candidates/java/8u131-zulu/jre/lib/charsets.jar:/Users/segonzalez/.sdkman/candidates/java/8u131-zulu/jre/lib/jfr.jar:/Users/segonzalez/.sdkman/candidates/java/8u131-zulu/jre/classes"/>
    <property name="java.vendor" value="Azul Systems, Inc."/>
    <property name="maven.home" value="/Users/segonzalez/.sdkman/candidates/maven/current"/>
    <property name="file.separator" value="/"/>
    <property name="java.vendor.url.bug" value="http://www.azulsystems.com/support/"/>
    <property name="sun.cpu.endian" value="little"/>
    <property name="sun.io.unicode.encoding" value="UnicodeBig"/>
    <property name="socksNonProxyHosts" value="local|*.local|169.254/16|*.169.254/16"/>
    <property name="ftp.nonProxyHosts" value="local|*.local|169.254/16|*.169.254/16"/>
    <property name="sun.cpu.isalist" value=""/>
  </properties>
  <testcase classname="com.almundo.DispatcherTest" name="moreCallsThanConcurrentLimit" time="16.282"/>
  <testcase classname="com.almundo.DispatcherTest" name="employersPriorityTest" time="9.882"/>
  <testcase classname="com.almundo.DispatcherTest" name="takeCallTest" time="8.983"/>
</testsuite>